{"contracts/DEX.sol":{"l":{"31":108,"32":107,"33":106,"35":105,"36":105,"48":33,"49":32,"51":31,"53":28,"54":28,"57":28,"58":28,"61":28,"62":28,"65":3,"66":3,"69":3,"72":3,"73":3,"76":3,"77":3,"80":3,"81":3,"85":31,"86":31,"88":31,"100":7,"101":7,"102":5,"105":5,"106":5,"108":5,"111":5,"112":5,"115":5,"116":5,"119":5,"120":5,"122":5,"133":14,"134":13,"137":12,"138":12,"139":12,"142":12,"145":12,"148":12,"149":12,"151":12,"162":4,"163":3,"166":3,"167":3,"168":3,"171":3,"174":3,"177":3,"178":3,"180":3,"186":6,"187":5,"194":11,"195":11,"208":21,"209":20,"212":18,"213":18,"214":18,"215":18,"222":28,"223":27,"224":27,"225":27,"226":1866,"227":1866,"230":1},"path":"/app/contracts/DEX.sol","s":{"1":108,"2":107,"3":106,"4":33,"5":32,"6":31,"7":28,"8":28,"9":28,"10":3,"11":3,"12":3,"13":3,"14":3,"15":3,"16":31,"17":7,"18":7,"19":5,"20":5,"21":5,"22":5,"23":5,"24":14,"25":13,"26":12,"27":12,"28":12,"29":12,"30":12,"31":4,"32":3,"33":3,"34":3,"35":3,"36":3,"37":3,"38":6,"39":21,"40":20,"41":18,"42":18,"43":18,"44":28,"45":27,"46":27,"47":1},"b":{"1":[107,1],"2":[106,1],"3":[105,1],"4":[33,0],"5":[32,1],"6":[31,1],"7":[28,3],"8":[28,0],"9":[3,0],"10":[3,0],"11":[7,0],"12":[7,0],"13":[5,2],"14":[5,0],"15":[5,0],"16":[14,0],"17":[13,1],"18":[12,1],"19":[12,0],"20":[12,0],"21":[4,0],"22":[3,1],"23":[3,0],"24":[3,0],"25":[3,0],"26":[5,1],"27":[20,1],"28":[18,2],"29":[27,1],"30":[1,0]},"f":{"1":108,"2":33,"3":7,"4":14,"5":4,"6":6,"7":11,"8":21,"9":28},"fnMap":{"1":{"name":"constructor","line":30,"loc":{"start":{"line":30,"column":4},"end":{"line":37,"column":4}}},"2":{"name":"addLiquidity","line":45,"loc":{"start":{"line":43,"column":4},"end":{"line":89,"column":4}}},"3":{"name":"removeLiquidity","line":97,"loc":{"start":{"line":95,"column":4},"end":{"line":123,"column":4}}},"4":{"name":"swapAForB","line":130,"loc":{"start":{"line":128,"column":4},"end":{"line":152,"column":4}}},"5":{"name":"swapBForA","line":159,"loc":{"start":{"line":157,"column":4},"end":{"line":181,"column":4}}},"6":{"name":"getPrice","line":185,"loc":{"start":{"line":185,"column":4},"end":{"line":188,"column":4}}},"7":{"name":"getReserves","line":193,"loc":{"start":{"line":193,"column":4},"end":{"line":196,"column":4}}},"8":{"name":"getAmountOut","line":203,"loc":{"start":{"line":203,"column":4},"end":{"line":216,"column":4}}},"9":{"name":"sqrt","line":221,"loc":{"start":{"line":221,"column":4},"end":{"line":232,"column":4}}}},"statementMap":{"1":{"start":{"line":31,"column":8},"end":{"line":31,"column":64}},"2":{"start":{"line":32,"column":8},"end":{"line":32,"column":64}},"3":{"start":{"line":33,"column":8},"end":{"line":33,"column":62}},"4":{"start":{"line":48,"column":8},"end":{"line":48,"column":62}},"5":{"start":{"line":49,"column":8},"end":{"line":49,"column":62}},"6":{"start":{"line":51,"column":8},"end":{"line":51,"column":2123}},"7":{"start":{"line":54,"column":12},"end":{"line":54,"column":72}},"8":{"start":{"line":57,"column":12},"end":{"line":57,"column":78}},"9":{"start":{"line":58,"column":12},"end":{"line":58,"column":78}},"10":{"start":{"line":65,"column":12},"end":{"line":65,"column":68}},"11":{"start":{"line":66,"column":12},"end":{"line":66,"column":80}},"12":{"start":{"line":69,"column":12},"end":{"line":69,"column":50}},"13":{"start":{"line":73,"column":12},"end":{"line":73,"column":72}},"14":{"start":{"line":76,"column":12},"end":{"line":76,"column":78}},"15":{"start":{"line":77,"column":12},"end":{"line":77,"column":84}},"16":{"start":{"line":88,"column":8},"end":{"line":88,"column":74}},"17":{"start":{"line":100,"column":8},"end":{"line":100,"column":78}},"18":{"start":{"line":101,"column":8},"end":{"line":101,"column":82}},"19":{"start":{"line":102,"column":8},"end":{"line":102,"column":58}},"20":{"start":{"line":108,"column":8},"end":{"line":108,"column":75}},"21":{"start":{"line":119,"column":8},"end":{"line":119,"column":55}},"22":{"start":{"line":120,"column":8},"end":{"line":120,"column":55}},"23":{"start":{"line":122,"column":8},"end":{"line":122,"column":76}},"24":{"start":{"line":133,"column":8},"end":{"line":133,"column":65}},"25":{"start":{"line":134,"column":8},"end":{"line":134,"column":70}},"26":{"start":{"line":138,"column":8},"end":{"line":138,"column":60}},"27":{"start":{"line":139,"column":8},"end":{"line":139,"column":72}},"28":{"start":{"line":142,"column":8},"end":{"line":142,"column":76}},"29":{"start":{"line":145,"column":8},"end":{"line":145,"column":58}},"30":{"start":{"line":151,"column":8},"end":{"line":151,"column":68}},"31":{"start":{"line":162,"column":8},"end":{"line":162,"column":65}},"32":{"start":{"line":163,"column":8},"end":{"line":163,"column":70}},"33":{"start":{"line":167,"column":8},"end":{"line":167,"column":60}},"34":{"start":{"line":168,"column":8},"end":{"line":168,"column":72}},"35":{"start":{"line":171,"column":8},"end":{"line":171,"column":76}},"36":{"start":{"line":174,"column":8},"end":{"line":174,"column":58}},"37":{"start":{"line":180,"column":8},"end":{"line":180,"column":68}},"38":{"start":{"line":186,"column":8},"end":{"line":186,"column":44}},"39":{"start":{"line":208,"column":8},"end":{"line":208,"column":57}},"40":{"start":{"line":209,"column":8},"end":{"line":209,"column":73}},"41":{"start":{"line":212,"column":8},"end":{"line":212,"column":48}},"42":{"start":{"line":213,"column":8},"end":{"line":213,"column":56}},"43":{"start":{"line":214,"column":8},"end":{"line":214,"column":66}},"44":{"start":{"line":222,"column":8},"end":{"line":222,"column":9177}},"45":{"start":{"line":224,"column":12},"end":{"line":224,"column":33}},"46":{"start":{"line":225,"column":12},"end":{"line":225,"column":9263}},"47":{"start":{"line":229,"column":15},"end":{"line":229,"column":9368}}},"branchMap":{"1":{"line":31,"type":"if","locations":[{"start":{"line":31,"column":8},"end":{"line":31,"column":8}},{"start":{"line":31,"column":8},"end":{"line":31,"column":8}}]},"2":{"line":32,"type":"if","locations":[{"start":{"line":32,"column":8},"end":{"line":32,"column":8}},{"start":{"line":32,"column":8},"end":{"line":32,"column":8}}]},"3":{"line":33,"type":"if","locations":[{"start":{"line":33,"column":8},"end":{"line":33,"column":8}},{"start":{"line":33,"column":8},"end":{"line":33,"column":8}}]},"4":{"line":45,"type":"if","locations":[{"start":{"line":45,"column":8},"end":{"line":45,"column":8}},{"start":{"line":45,"column":8},"end":{"line":45,"column":8}}]},"5":{"line":48,"type":"if","locations":[{"start":{"line":48,"column":8},"end":{"line":48,"column":8}},{"start":{"line":48,"column":8},"end":{"line":48,"column":8}}]},"6":{"line":49,"type":"if","locations":[{"start":{"line":49,"column":8},"end":{"line":49,"column":8}},{"start":{"line":49,"column":8},"end":{"line":49,"column":8}}]},"7":{"line":51,"type":"if","locations":[{"start":{"line":51,"column":8},"end":{"line":51,"column":8}},{"start":{"line":51,"column":8},"end":{"line":51,"column":8}}]},"8":{"line":54,"type":"if","locations":[{"start":{"line":54,"column":12},"end":{"line":54,"column":12}},{"start":{"line":54,"column":12},"end":{"line":54,"column":12}}]},"9":{"line":66,"type":"if","locations":[{"start":{"line":66,"column":12},"end":{"line":66,"column":12}},{"start":{"line":66,"column":12},"end":{"line":66,"column":12}}]},"10":{"line":73,"type":"if","locations":[{"start":{"line":73,"column":12},"end":{"line":73,"column":12}},{"start":{"line":73,"column":12},"end":{"line":73,"column":12}}]},"11":{"line":97,"type":"if","locations":[{"start":{"line":97,"column":8},"end":{"line":97,"column":8}},{"start":{"line":97,"column":8},"end":{"line":97,"column":8}}]},"12":{"line":100,"type":"if","locations":[{"start":{"line":100,"column":8},"end":{"line":100,"column":8}},{"start":{"line":100,"column":8},"end":{"line":100,"column":8}}]},"13":{"line":101,"type":"if","locations":[{"start":{"line":101,"column":8},"end":{"line":101,"column":8}},{"start":{"line":101,"column":8},"end":{"line":101,"column":8}}]},"14":{"line":102,"type":"if","locations":[{"start":{"line":102,"column":8},"end":{"line":102,"column":8}},{"start":{"line":102,"column":8},"end":{"line":102,"column":8}}]},"15":{"line":108,"type":"if","locations":[{"start":{"line":108,"column":8},"end":{"line":108,"column":8}},{"start":{"line":108,"column":8},"end":{"line":108,"column":8}}]},"16":{"line":130,"type":"if","locations":[{"start":{"line":130,"column":8},"end":{"line":130,"column":8}},{"start":{"line":130,"column":8},"end":{"line":130,"column":8}}]},"17":{"line":133,"type":"if","locations":[{"start":{"line":133,"column":8},"end":{"line":133,"column":8}},{"start":{"line":133,"column":8},"end":{"line":133,"column":8}}]},"18":{"line":134,"type":"if","locations":[{"start":{"line":134,"column":8},"end":{"line":134,"column":8}},{"start":{"line":134,"column":8},"end":{"line":134,"column":8}}]},"19":{"line":138,"type":"if","locations":[{"start":{"line":138,"column":8},"end":{"line":138,"column":8}},{"start":{"line":138,"column":8},"end":{"line":138,"column":8}}]},"20":{"line":139,"type":"if","locations":[{"start":{"line":139,"column":8},"end":{"line":139,"column":8}},{"start":{"line":139,"column":8},"end":{"line":139,"column":8}}]},"21":{"line":159,"type":"if","locations":[{"start":{"line":159,"column":8},"end":{"line":159,"column":8}},{"start":{"line":159,"column":8},"end":{"line":159,"column":8}}]},"22":{"line":162,"type":"if","locations":[{"start":{"line":162,"column":8},"end":{"line":162,"column":8}},{"start":{"line":162,"column":8},"end":{"line":162,"column":8}}]},"23":{"line":163,"type":"if","locations":[{"start":{"line":163,"column":8},"end":{"line":163,"column":8}},{"start":{"line":163,"column":8},"end":{"line":163,"column":8}}]},"24":{"line":167,"type":"if","locations":[{"start":{"line":167,"column":8},"end":{"line":167,"column":8}},{"start":{"line":167,"column":8},"end":{"line":167,"column":8}}]},"25":{"line":168,"type":"if","locations":[{"start":{"line":168,"column":8},"end":{"line":168,"column":8}},{"start":{"line":168,"column":8},"end":{"line":168,"column":8}}]},"26":{"line":186,"type":"if","locations":[{"start":{"line":186,"column":8},"end":{"line":186,"column":8}},{"start":{"line":186,"column":8},"end":{"line":186,"column":8}}]},"27":{"line":208,"type":"if","locations":[{"start":{"line":208,"column":8},"end":{"line":208,"column":8}},{"start":{"line":208,"column":8},"end":{"line":208,"column":8}}]},"28":{"line":209,"type":"if","locations":[{"start":{"line":209,"column":8},"end":{"line":209,"column":8}},{"start":{"line":209,"column":8},"end":{"line":209,"column":8}}]},"29":{"line":222,"type":"if","locations":[{"start":{"line":222,"column":8},"end":{"line":222,"column":8}},{"start":{"line":222,"column":8},"end":{"line":222,"column":8}}]},"30":{"line":229,"type":"if","locations":[{"start":{"line":229,"column":15},"end":{"line":229,"column":15}},{"start":{"line":229,"column":15},"end":{"line":229,"column":15}}]}}},"contracts/MockERC20.sol":{"l":{"13":210,"20":143},"path":"/app/contracts/MockERC20.sol","s":{"1":210,"2":143},"b":{},"f":{"1":210,"2":143},"fnMap":{"1":{"name":"constructor","line":12,"loc":{"start":{"line":12,"column":4},"end":{"line":14,"column":4}}},"2":{"name":"mint","line":19,"loc":{"start":{"line":19,"column":4},"end":{"line":21,"column":4}}}},"statementMap":{"1":{"start":{"line":13,"column":8},"end":{"line":13,"column":42}},"2":{"start":{"line":20,"column":8},"end":{"line":20,"column":24}}},"branchMap":{}}}